<?xml version="1.0" encoding="UTF-8"?>
<!-- Generated by org.testng.reporters.JUnitReportReporter -->
<testsuite hostname="DESKTOP-JKPPEN4" name="com.Desk.Root.Pest.TestNGClass" tests="1" failures="0" timestamp="31 Jul 2020 07:42:02 GMT" time="51.505" errors="0">
  <testcase name="f" time="51.505" classname="com.Desk.Root.Pest.TestNGClass"/>
</testsuite> <!-- com.Desk.Root.Pest.TestNGClass -->
